18:40:59: Creating resource group General
18:40:59: Creating resource group Internal
18:40:59: Creating resource group Autodetect
18:40:59: SceneManagerFactory for type 'DefaultSceneManager' registered.
18:40:59: Registering ResourceManager for type Material
18:40:59: Registering ResourceManager for type Mesh
18:40:59: Registering ResourceManager for type Skeleton
18:40:59: MovableObjectFactory for type 'ParticleSystem' registered.
18:40:59: ArchiveFactory for archive type FileSystem registered.
18:40:59: ArchiveFactory for archive type Zip registered.
18:40:59: ArchiveFactory for archive type EmbeddedZip registered.
18:40:59: DDS codec registering
18:40:59: FreeImage version: 3.17.0
18:40:59: This program uses FreeImage, a free, open source image library supporting all common bitmap formats. See http://freeimage.sourceforge.net for details
18:40:59: Supported formats: bmp,ico,jpg,jif,jpeg,jpe,jng,koa,iff,lbm,mng,pbm,pbm,pcd,pcx,pgm,pgm,png,ppm,ppm,ras,tga,targa,tif,tiff,wap,wbmp,wbm,psd,cut,xbm,xpm,gif,hdr,g3,sgi,rgb,rgba,bw,exr,j2k,j2c,jp2,pfm,pct,pict,pic,3fr,arw,bay,bmq,cap,cine,cr2,crw,cs1,dc2,dcr,drf,dsc,dng,erf,fff,ia,iiq,k25,kc2,kdc,mdc,mef,mos,mrw,nef,nrw,orf,pef,ptx,pxn,qtk,raf,raw,rdc,rw2,rwl,rwz,sr2,srf,srw,sti,x3f,webp,jxr,wdp,hdp
18:40:59: Registering ResourceManager for type HighLevelGpuProgram
18:40:59: Registering ResourceManager for type Compositor
18:40:59: MovableObjectFactory for type 'Entity' registered.
18:40:59: MovableObjectFactory for type 'Light' registered.
18:40:59: MovableObjectFactory for type 'BillboardSet' registered.
18:40:59: MovableObjectFactory for type 'ManualObject' registered.
18:40:59: MovableObjectFactory for type 'BillboardChain' registered.
18:40:59: MovableObjectFactory for type 'RibbonTrail' registered.
18:40:59: Loading library /usr/local/lib/OGRE/RenderSystem_GL
18:40:59: Installing plugin: GL RenderSystem
18:40:59: OpenGL Rendering Subsystem created.
18:40:59: Plugin successfully installed
18:40:59: Loading library /usr/local/lib/OGRE/Plugin_ParticleFX
18:40:59: Installing plugin: ParticleFX
18:40:59: Particle Emitter Type 'Point' registered
18:40:59: Particle Emitter Type 'Box' registered
18:40:59: Particle Emitter Type 'Ellipsoid' registered
18:40:59: Particle Emitter Type 'Cylinder' registered
18:40:59: Particle Emitter Type 'Ring' registered
18:40:59: Particle Emitter Type 'HollowEllipsoid' registered
18:40:59: Particle Affector Type 'LinearForce' registered
18:40:59: Particle Affector Type 'ColourFader' registered
18:40:59: Particle Affector Type 'ColourFader2' registered
18:40:59: Particle Affector Type 'ColourImage' registered
18:40:59: Particle Affector Type 'ColourInterpolator' registered
18:40:59: Particle Affector Type 'Scaler' registered
18:40:59: Particle Affector Type 'Rotator' registered
18:40:59: Particle Affector Type 'DirectionRandomiser' registered
18:40:59: Particle Affector Type 'DeflectorPlane' registered
18:40:59: Plugin successfully installed
18:40:59: Loading library /usr/local/lib/OGRE/Plugin_BSPSceneManager
18:40:59: Installing plugin: BSP Scene Manager
18:40:59: Plugin successfully installed
18:40:59: Loading library /usr/local/lib/OGRE/Plugin_CgProgramManager
18:40:59: Installing plugin: Cg Program Manager
18:40:59: Plugin successfully installed
18:40:59: Loading library /usr/local/lib/OGRE/Plugin_PCZSceneManager
18:40:59: Installing plugin: Portal Connected Zone Scene Manager
18:40:59: PCZone Factory Type 'ZoneType_Default' registered
18:40:59: Plugin successfully installed
18:40:59: Loading library /usr/local/lib/OGRE/Plugin_OctreeZone
18:40:59: Installing plugin: Octree Zone Factory
18:40:59: Plugin successfully installed
18:40:59: Loading library /usr/local/lib/OGRE/Plugin_OctreeSceneManager
18:40:59: Installing plugin: Octree Scene Manager
18:40:59: Plugin successfully installed
18:40:59: *-*-* OGRE Initialising
18:40:59: *-*-* Version 1.9.0 (Ghadamon)
18:40:59: Added resource location '/usr/local/share/OGRE/Media/thumbnails' of type 'FileSystem' to resource group 'General'
18:40:59: Added resource location '../FE3D/data/material/programs' of type 'FileSystem' to resource group 'General'
18:40:59: Added resource location '../FE3D/data/material/scripts' of type 'FileSystem' to resource group 'General'
18:40:59: Added resource location '../FE3D/data/material/textures' of type 'FileSystem' to resource group 'General'
18:40:59: Added resource location '../FE3D/data/meshes' of type 'FileSystem' to resource group 'General'
18:40:59: Added resource location '../FE3D/data/watercraft/material/maps' of type 'FileSystem' to resource group 'General'
18:40:59: Added resource location '../FE3D/data/watercraft/material/scripts' of type 'FileSystem' to resource group 'General'
18:40:59: Added resource location '../FE3D/data/watercraft/material/textures' of type 'FileSystem' to resource group 'General'
18:40:59: Added resource location '../FE3D/data/watercraft/meshes' of type 'FileSystem' to resource group 'General'
18:40:59: Added resource location '../FE3D/data/watercraft/terrain' of type 'FileSystem' to resource group 'General'
18:40:59: Added resource location '/usr/local/share/OGRE/Media/packs/SdkTrays.zip' of type 'Zip' to resource group 'General'
18:40:59: Added resource location '/usr/local/share/OGRE/Media/packs/profiler.zip' of type 'Zip' to resource group 'General'
18:40:59: Added resource location '/usr/local/share/OGRE/Media' of type 'FileSystem' to resource group 'General'
18:40:59: Added resource location '/home/sinouye/Desktop/samba-home/cs381/381/sound' of type 'FileSystem' to resource group 'General'
18:40:59: Added resource location '/usr/local/share/OGRE/Media/fonts' of type 'FileSystem' to resource group 'General'
18:40:59: Added resource location '/usr/local/share/OGRE/Media/materials/programs' of type 'FileSystem' to resource group 'General'
18:40:59: Added resource location '/usr/local/share/OGRE/Media/materials/programs/Cg' of type 'FileSystem' to resource group 'General'
18:40:59: Added resource location '/usr/local/share/OGRE/Media/materials/programs/GLSL' of type 'FileSystem' to resource group 'General'
18:40:59: Added resource location '/usr/local/share/OGRE/Media/materials/programs/GLSL150' of type 'FileSystem' to resource group 'General'
18:40:59: Added resource location '/usr/local/share/OGRE/Media/materials/programs/GLSL400' of type 'FileSystem' to resource group 'General'
18:40:59: Added resource location '/usr/local/share/OGRE/Media/materials/programs/HLSL' of type 'FileSystem' to resource group 'General'
18:40:59: Added resource location '/usr/local/share/OGRE/Media/materials/programs/HLSL_Cg' of type 'FileSystem' to resource group 'General'
18:40:59: Added resource location '/home/sinouye/Desktop/samba-home/cs381/381/material/programs' of type 'FileSystem' to resource group 'General'
18:40:59: Added resource location '/usr/local/share/OGRE/Media/materials/scripts' of type 'FileSystem' to resource group 'General'
18:40:59: Added resource location '/home/sinouye/Desktop/samba-home/cs381/381/material/scripts' of type 'FileSystem' to resource group 'General'
18:40:59: Added resource location '/usr/local/share/OGRE/Media/materials/textures' of type 'FileSystem' to resource group 'General'
18:40:59: Added resource location '/usr/local/share/OGRE/Media/materials/textures/nvidia' of type 'FileSystem' to resource group 'General'
18:40:59: Added resource location '/home/sinouye/Desktop/samba-home/cs381/381/material/textures' of type 'FileSystem' to resource group 'General'
18:40:59: Added resource location '/usr/local/share/OGRE/Media/models' of type 'FileSystem' to resource group 'General'
18:40:59: Added resource location '/home/sinouye/Desktop/samba-home/cs381/381/meshes' of type 'FileSystem' to resource group 'General'
18:40:59: Added resource location '/usr/local/share/OGRE/Media/particle' of type 'FileSystem' to resource group 'General'
18:40:59: Added resource location '/usr/local/share/OGRE/Media/DeferredShadingMedia' of type 'FileSystem' to resource group 'General'
18:40:59: Added resource location '/usr/local/share/OGRE/Media/PCZAppMedia' of type 'FileSystem' to resource group 'General'
18:40:59: Added resource location '/usr/local/share/OGRE/Media/RTShaderLib' of type 'FileSystem' to resource group 'General'
18:40:59: Added resource location '/usr/local/share/OGRE/Media/RTShaderLib/GLSL' of type 'FileSystem' to resource group 'General'
18:40:59: Added resource location '/usr/local/share/OGRE/Media/RTShaderLib/GLSL150' of type 'FileSystem' to resource group 'General'
18:40:59: Added resource location '/usr/local/share/OGRE/Media/RTShaderLib/HLSL_Cg' of type 'FileSystem' to resource group 'General'
18:40:59: Added resource location '/usr/local/share/OGRE/Media/RTShaderLib/materials' of type 'FileSystem' to resource group 'General'
18:40:59: Added resource location '/usr/local/share/OGRE/Media/materials/scripts/SSAO' of type 'FileSystem' to resource group 'General'
18:40:59: Added resource location '/usr/local/share/OGRE/Media/materials/textures/SSAO' of type 'FileSystem' to resource group 'General'
18:40:59: Added resource location '/usr/local/share/OGRE/Media/volumeTerrain' of type 'FileSystem' to resource group 'General'
18:40:59: Added resource location '/usr/local/share/OGRE/Media/packs/cubemap.zip' of type 'Zip' to resource group 'General'
18:40:59: Added resource location '/usr/local/share/OGRE/Media/packs/cubemapsJS.zip' of type 'Zip' to resource group 'General'
18:40:59: Added resource location '/usr/local/share/OGRE/Media/packs/dragon.zip' of type 'Zip' to resource group 'General'
18:40:59: Added resource location '/usr/local/share/OGRE/Media/packs/fresneldemo.zip' of type 'Zip' to resource group 'General'
18:40:59: Added resource location '/usr/local/share/OGRE/Media/packs/ogretestmap.zip' of type 'Zip' to resource group 'General'
18:40:59: Added resource location '/usr/local/share/OGRE/Media/packs/ogredance.zip' of type 'Zip' to resource group 'General'
18:40:59: Added resource location '/usr/local/share/OGRE/Media/packs/Sinbad.zip' of type 'Zip' to resource group 'General'
18:40:59: Added resource location '/usr/local/share/OGRE/Media/packs/skybox.zip' of type 'Zip' to resource group 'General'
18:40:59: Added resource location '/usr/local/share/OGRE/Media/volumeTerrain/volumeTerrainBig.zip' of type 'Zip' to resource group 'General'
18:40:59: Added resource location '/usr/local/Tests/Media' of type 'FileSystem' to resource group 'General'
18:40:59: CPU Identifier & Features
18:40:59: -------------------------
18:40:59:  *   CPU ID: GenuineIntel: Intel(R) Core(TM) i7-6700 CPU @ 3.40GHz
18:40:59:  *      SSE: yes
18:40:59:  *     SSE2: yes
18:40:59:  *     SSE3: yes
18:40:59:  *      MMX: yes
18:40:59:  *   MMXEXT: yes
18:40:59:  *    3DNOW: no
18:40:59:  * 3DNOWEXT: no
18:40:59:  *     CMOV: yes
18:40:59:  *      TSC: yes
18:40:59:  *      FPU: yes
18:40:59:  *      PRO: yes
18:40:59:  *       HT: no
18:40:59: -------------------------
18:40:59: ******************************
*** Starting GLX Subsystem ***
******************************
18:40:59: Registering ResourceManager for type Texture
18:40:59: GLRenderSystem::_createRenderWindow "Miner Mike", 1920x1080 windowed  miscParams: FSAA=0 displayFrequency=54 Hz gamma=No vsync=No 
18:40:59: GLXWindow::create used FBConfigID = 319
18:40:59: GL_VERSION = 3.1 Mesa 18.2.8
18:40:59: GL_VENDOR = VMware, Inc.
18:40:59: GL_RENDERER = llvmpipe (LLVM 7.0, 256 bits)
18:40:59: GL_EXTENSIONS = GL_ARB_multisample GL_EXT_abgr GL_EXT_bgra GL_EXT_blend_color GL_EXT_blend_minmax GL_EXT_blend_subtract GL_EXT_copy_texture GL_EXT_subtexture GL_EXT_texture_object GL_EXT_vertex_array GL_EXT_compiled_vertex_array GL_EXT_texture GL_EXT_texture3D GL_IBM_rasterpos_clip GL_ARB_point_parameters GL_EXT_draw_range_elements GL_EXT_packed_pixels GL_EXT_point_parameters GL_EXT_rescale_normal GL_EXT_separate_specular_color GL_EXT_texture_edge_clamp GL_SGIS_generate_mipmap GL_SGIS_texture_border_clamp GL_SGIS_texture_edge_clamp GL_SGIS_texture_lod GL_ARB_framebuffer_sRGB GL_ARB_multitexture GL_EXT_framebuffer_sRGB GL_IBM_multimode_draw_arrays GL_IBM_texture_mirrored_repeat GL_ARB_texture_cube_map GL_ARB_texture_env_add GL_ARB_transpose_matrix GL_EXT_blend_func_separate GL_EXT_fog_coord GL_EXT_multi_draw_arrays GL_EXT_secondary_color GL_EXT_texture_env_add GL_EXT_texture_lod_bias GL_INGR_blend_func_separate GL_NV_blend_square GL_NV_light_max_exponent GL_NV_texgen_reflection GL_NV_texture_env_combine4 GL_S3_s3tc GL_SUN_multi_draw_arrays GL_ARB_texture_border_clamp GL_ARB_texture_compression GL_EXT_framebuffer_object GL_EXT_texture_compression_s3tc GL_EXT_texture_env_combine GL_EXT_texture_env_dot3 GL_MESA_window_pos GL_NV_packed_depth_stencil GL_NV_texture_rectangle GL_ARB_depth_texture GL_ARB_occlusion_query GL_ARB_shadow GL_ARB_texture_env_combine GL_ARB_texture_env_crossbar GL_ARB_texture_env_dot3 GL_ARB_texture_mirrored_repeat GL_ARB_window_pos GL_ATI_fragment_shader GL_EXT_stencil_two_side GL_EXT_texture_cube_map GL_NV_depth_clamp GL_NV_fog_distance GL_APPLE_packed_pixels GL_ARB_draw_buffers GL_ARB_fragment_program GL_ARB_fragment_shader GL_ARB_shader_objects GL_ARB_vertex_program GL_ARB_vertex_shader GL_ATI_draw_buffers GL_ATI_texture_env_combine3 GL_ATI_texture_float GL_EXT_shadow_funcs GL_EXT_stencil_wrap GL_MESA_pack_invert GL_MESA_ycbcr_texture GL_NV_primitive_restart GL_ARB_depth_clamp GL_ARB_fragment_program_shadow GL_ARB_half_float_pixel GL_ARB_occlusion_query2 GL_ARB_point_sprite GL_ARB_shading_language_100 GL_ARB_sync GL_ARB_texture_non_power_of_two GL_ARB_vertex_buffer_object GL_ATI_blend_equation_separate GL_EXT_blend_equation_separate GL_OES_read_format GL_ARB_color_buffer_float GL_ARB_pixel_buffer_object GL_ARB_texture_compression_rgtc GL_ARB_texture_float GL_ARB_texture_rectangle GL_ATI_texture_compression_3dc GL_EXT_packed_float GL_EXT_pixel_buffer_object GL_EXT_texture_compression_dxt1 GL_EXT_texture_compression_rgtc GL_EXT_texture_mirror_clamp GL_EXT_texture_rectangle GL_EXT_texture_sRGB GL_EXT_texture_shared_exponent GL_ARB_framebuffer_object GL_EXT_framebuffer_blit GL_EXT_framebuffer_multisample GL_EXT_packed_depth_stencil GL_ARB_vertex_array_object GL_ATI_separate_stencil GL_ATI_texture_mirror_once GL_EXT_draw_buffers2 GL_EXT_draw_instanced GL_EXT_gpu_program_parameters GL_EXT_texture_array GL_EXT_texture_compression_latc GL_EXT_texture_integer GL_EXT_texture_sRGB_decode GL_EXT_timer_query GL_OES_EGL_image GL_ARB_copy_buffer GL_ARB_depth_buffer_float GL_ARB_draw_instanced GL_ARB_half_float_vertex GL_ARB_instanced_arrays GL_ARB_map_buffer_range GL_ARB_texture_buffer_object GL_ARB_texture_rg GL_ARB_texture_swizzle GL_ARB_vertex_array_bgra GL_EXT_texture_swizzle GL_EXT_vertex_array_bgra GL_NV_conditional_render GL_AMD_conservative_depth GL_AMD_draw_buffers_blend GL_AMD_seamless_cubemap_per_texture GL_AMD_shader_stencil_export GL_ARB_ES2_compatibility GL_ARB_blend_func_extended GL_ARB_compatibility GL_ARB_debug_output GL_ARB_draw_buffers_blend GL_ARB_draw_elements_base_vertex GL_ARB_explicit_attrib_location GL_ARB_fragment_coord_conventions GL_ARB_provoking_vertex GL_ARB_sampler_objects GL_ARB_seamless_cube_map GL_ARB_shader_stencil_export GL_ARB_shader_texture_lod GL_ARB_texture_buffer_object_rgb32 GL_ARB_texture_cube_map_array GL_ARB_texture_gather GL_ARB_texture_multisample GL_ARB_texture_query_lod GL_ARB_texture_rgb10_a2ui GL_ARB_uniform_buffer_object GL_ARB_vertex_type_2_10_10_10_rev GL_EXT_provoking_vertex GL_EXT_texture_snorm GL_MESA_texture_signed_rgba GL_ARB_draw_indirect GL_ARB_get_program_binary GL_ARB_robustness GL_ARB_separate_shader_objects GL_ARB_shader_bit_encoding GL_ARB_shader_subroutine GL_ARB_texture_compression_bptc GL_ARB_timer_query GL_ARB_transform_feedback2 GL_ARB_transform_feedback3 GL_ARB_viewport_array GL_ANGLE_texture_compression_dxt3 GL_ANGLE_texture_compression_dxt5 GL_ARB_base_instance GL_ARB_compressed_texture_pixel_storage GL_ARB_conservative_depth GL_ARB_internalformat_query GL_ARB_map_buffer_alignment GL_ARB_shading_language_420pack GL_ARB_shading_language_packing GL_ARB_texture_storage GL_ARB_transform_feedback_instanced GL_EXT_framebuffer_multisample_blit_scaled GL_EXT_transform_feedback GL_AMD_shader_trinary_minmax GL_ARB_ES3_compatibility GL_ARB_arrays_of_arrays GL_ARB_clear_buffer_object GL_ARB_copy_image GL_ARB_explicit_uniform_location GL_ARB_fragment_layer_viewport GL_ARB_invalidate_subdata GL_ARB_multi_draw_indirect GL_ARB_program_interface_query GL_ARB_stencil_texturing GL_ARB_texture_buffer_range GL_ARB_texture_query_levels GL_ARB_texture_storage_multisample GL_ARB_texture_view GL_ARB_vertex_attrib_binding GL_KHR_debug GL_KHR_texture_compression_astc_ldr GL_ARB_buffer_storage GL_ARB_clear_texture GL_ARB_enhanced_layouts GL_ARB_internalformat_query2 GL_ARB_multi_bind GL_ARB_seamless_cubemap_per_texture GL_ARB_texture_mirror_clamp_to_edge GL_ARB_texture_stencil8 GL_ARB_vertex_type_10f_11f_11f_rev GL_EXT_shader_integer_mix GL_ARB_clip_control GL_ARB_conditional_render_inverted GL_ARB_cull_distance GL_ARB_get_texture_sub_image GL_ARB_pipeline_statistics_query GL_ARB_transform_feedback_overflow_query GL_EXT_polygon_offset_clamp GL_KHR_context_flush_control GL_KHR_no_error GL_MESA_shader_integer_functions GL_ARB_polygon_offset_clamp 
18:40:59: Supported GLX extensions: GLX_ARB_create_context GLX_ARB_create_context_profile GLX_ARB_fbconfig_float GLX_ARB_framebuffer_sRGB GLX_ARB_get_proc_address GLX_ARB_multisample GLX_EXT_create_context_es2_profile GLX_EXT_create_context_es_profile GLX_EXT_fbconfig_packed_float GLX_EXT_framebuffer_sRGB GLX_EXT_import_context GLX_EXT_texture_from_pixmap GLX_EXT_visual_info GLX_EXT_visual_rating GLX_MESA_copy_sub_buffer GLX_MESA_query_renderer GLX_OML_swap_method GLX_SGIS_multisample GLX_SGIX_fbconfig GLX_SGIX_pbuffer GLX_SGIX_visual_select_group GLX_SGI_make_current_read 
18:40:59: ***************************
18:40:59: *** GL Renderer Started ***
18:40:59: ***************************
18:40:59: Registering ResourceManager for type GpuProgram
18:40:59: GLSL support detected
18:40:59: GL: Using GL_EXT_framebuffer_object for rendering to textures (best)
18:40:59: FBO PF_UNKNOWN depth/stencil support: D0S1 D0S4 D0S8 D0S16 D16S0 D24S0 D32S0 Packed-D24S8 
18:40:59: FBO PF_L8 depth/stencil support: D0S0 D0S1 D0S4 D0S8 D0S16 D16S0 D24S0 D32S0 Packed-D24S8 
18:40:59: FBO PF_L16 depth/stencil support: D0S0 D0S1 D0S4 D0S8 D0S16 D16S0 D24S0 D32S0 Packed-D24S8 
18:40:59: FBO PF_A8 depth/stencil support: D0S0 D0S1 D0S4 D0S8 D0S16 D16S0 D24S0 D32S0 Packed-D24S8 
18:40:59: FBO PF_A4L4 depth/stencil support: D0S0 D0S1 D0S4 D0S8 D0S16 D16S0 D24S0 D32S0 Packed-D24S8 
18:40:59: FBO PF_BYTE_LA depth/stencil support: D0S0 D0S1 D0S4 D0S8 D0S16 D16S0 D24S0 D32S0 Packed-D24S8 
18:40:59: FBO PF_R5G6B5 depth/stencil support: D0S0 D0S1 D0S4 D0S8 D0S16 D16S0 D24S0 D32S0 Packed-D24S8 
18:40:59: FBO PF_B5G6R5 depth/stencil support: D0S0 D0S1 D0S4 D0S8 D0S16 D16S0 D24S0 D32S0 Packed-D24S8 
18:40:59: FBO PF_A4R4G4B4 depth/stencil support: D0S0 D0S1 D0S4 D0S8 D0S16 D16S0 D24S0 D32S0 Packed-D24S8 
18:40:59: FBO PF_A1R5G5B5 depth/stencil support: D0S0 D0S1 D0S4 D0S8 D0S16 D16S0 D24S0 D32S0 Packed-D24S8 
18:40:59: FBO PF_R8G8B8 depth/stencil support: D0S0 D0S1 D0S4 D0S8 D0S16 D16S0 D24S0 D32S0 Packed-D24S8 
18:40:59: FBO PF_B8G8R8 depth/stencil support: D0S0 D0S1 D0S4 D0S8 D0S16 D16S0 D24S0 D32S0 Packed-D24S8 
18:40:59: FBO PF_A8R8G8B8 depth/stencil support: D0S0 D0S1 D0S4 D0S8 D0S16 D16S0 D24S0 D32S0 Packed-D24S8 
18:40:59: FBO PF_B8G8R8A8 depth/stencil support: D0S0 D0S1 D0S4 D0S8 D0S16 D16S0 D24S0 D32S0 Packed-D24S8 
18:40:59: FBO PF_A2R10G10B10 depth/stencil support: D0S0 D0S1 D0S4 D0S8 D0S16 D16S0 D24S0 D32S0 Packed-D24S8 
18:40:59: FBO PF_A2B10G10R10 depth/stencil support: D0S0 D0S1 D0S4 D0S8 D0S16 D16S0 D24S0 D32S0 Packed-D24S8 
18:40:59: FBO PF_FLOAT16_RGB depth/stencil support: D0S0 D0S1 D0S4 D0S8 D0S16 D16S0 D24S0 D32S0 Packed-D24S8 
18:40:59: FBO PF_FLOAT16_RGBA depth/stencil support: D0S0 D0S1 D0S4 D0S8 D0S16 D16S0 D24S0 D32S0 Packed-D24S8 
18:40:59: FBO PF_FLOAT32_RGB depth/stencil support: D0S0 D0S1 D0S4 D0S8 D0S16 D16S0 D24S0 D32S0 Packed-D24S8 
18:40:59: FBO PF_FLOAT32_RGBA depth/stencil support: D0S0 D0S1 D0S4 D0S8 D0S16 D16S0 D24S0 D32S0 Packed-D24S8 
18:40:59: FBO PF_X8R8G8B8 depth/stencil support: D0S0 D0S1 D0S4 D0S8 D0S16 D16S0 D24S0 D32S0 Packed-D24S8 
18:40:59: FBO PF_X8B8G8R8 depth/stencil support: D0S0 D0S1 D0S4 D0S8 D0S16 D16S0 D24S0 D32S0 Packed-D24S8 
18:40:59: FBO PF_SHORT_RGBA depth/stencil support: D0S0 D0S1 D0S4 D0S8 D0S16 D16S0 D24S0 D32S0 Packed-D24S8 
18:40:59: FBO PF_R3G3B2 depth/stencil support: D0S0 D0S1 D0S4 D0S8 D0S16 D16S0 D24S0 D32S0 Packed-D24S8 
18:40:59: FBO PF_FLOAT16_R depth/stencil support: D0S0 D0S1 D0S4 D0S8 D0S16 D16S0 D24S0 D32S0 Packed-D24S8 
18:40:59: FBO PF_FLOAT32_R depth/stencil support: D0S0 D0S1 D0S4 D0S8 D0S16 D16S0 D24S0 D32S0 Packed-D24S8 
18:40:59: FBO PF_SHORT_GR depth/stencil support: D0S0 D0S1 D0S4 D0S8 D0S16 D16S0 D24S0 D32S0 Packed-D24S8 
18:40:59: FBO PF_FLOAT16_GR depth/stencil support: D0S0 D0S1 D0S4 D0S8 D0S16 D16S0 D24S0 D32S0 Packed-D24S8 
18:40:59: FBO PF_FLOAT32_GR depth/stencil support: D0S0 D0S1 D0S4 D0S8 D0S16 D16S0 D24S0 D32S0 Packed-D24S8 
18:40:59: FBO PF_SHORT_RGB depth/stencil support: D0S0 D0S1 D0S4 D0S8 D0S16 D16S0 D24S0 D32S0 Packed-D24S8 
18:40:59: [GL] : Valid FBO targets PF_UNKNOWN PF_L8 PF_L16 PF_A8 PF_A4L4 PF_BYTE_LA PF_R5G6B5 PF_B5G6R5 PF_A4R4G4B4 PF_A1R5G5B5 PF_R8G8B8 PF_B8G8R8 PF_A8R8G8B8 PF_B8G8R8A8 PF_A2R10G10B10 PF_A2B10G10R10 PF_FLOAT16_RGB PF_FLOAT16_RGBA PF_FLOAT32_RGB PF_FLOAT32_RGBA PF_X8R8G8B8 PF_X8B8G8R8 PF_SHORT_RGBA PF_R3G3B2 PF_FLOAT16_R PF_FLOAT32_R PF_SHORT_GR PF_FLOAT16_GR PF_FLOAT32_GR PF_SHORT_RGB 
18:40:59: RenderSystem capabilities
18:40:59: -------------------------
18:40:59: RenderSystem Name: OpenGL Rendering Subsystem
18:40:59: GPU Vendor: unknown
18:40:59: Device Name: llvmpipe (LLVM 7.0, 256 bits)
18:40:59: Driver Version: 3.1.0.0
18:40:59:  * Fixed function pipeline: yes
18:40:59:  * Hardware generation of mipmaps: yes
18:40:59:  * Texture blending: yes
18:40:59:  * Anisotropic texture filtering: no
18:40:59:  * Dot product texture operation: yes
18:40:59:  * Cube mapping: yes
18:40:59:  * Hardware stencil buffer: yes
18:40:59:    - Stencil depth: 8
18:40:59:    - Two sided stencil support: yes
18:40:59:    - Wrap stencil values: yes
18:40:59:  * Hardware vertex / index buffers: yes
18:40:59:  * Vertex programs: yes
18:40:59:  * Number of floating-point constants for vertex programs: 4096
18:40:59:  * Number of integer constants for vertex programs: 0
18:40:59:  * Number of boolean constants for vertex programs: 0
18:40:59:  * Fragment programs: yes
18:40:59:  * Number of floating-point constants for fragment programs: 4096
18:40:59:  * Number of integer constants for fragment programs: 0
18:40:59:  * Number of boolean constants for fragment programs: 0
18:40:59:  * Geometry programs: no
18:40:59:  * Number of floating-point constants for geometry programs: 0
18:40:59:  * Number of integer constants for geometry programs: 0
18:40:59:  * Number of boolean constants for geometry programs: 0
18:40:59:  * Tesselation Hull programs: no
18:40:59:  * Number of floating-point constants for tesselation hull programs: 0
18:40:59:  * Number of integer constants for tesselation hull programs: 0
18:40:59:  * Number of boolean constants for tesselation hull programs: 0
18:40:59:  * Tesselation Domain programs: no
18:40:59:  * Number of floating-point constants for tesselation domain programs: 0
18:40:59:  * Number of integer constants for tesselation domain programs: 0
18:40:59:  * Number of boolean constants for tesselation domain programs: 0
18:40:59:  * Compute programs: no
18:40:59:  * Number of floating-point constants for compute programs: 0
18:40:59:  * Number of integer constants for compute programs: 0
18:40:59:  * Number of boolean constants for compute programs: 0
18:40:59:  * Supported Shader Profiles: arbfp1 arbvp1 glsl ps_1_1 ps_1_2 ps_1_3 ps_1_4
18:40:59:  * Texture Compression: yes
18:40:59:    - DXT: yes
18:40:59:    - VTC: no
18:40:59:    - PVRTC: no
18:40:59:    - ATC: no
18:40:59:    - ETC1: no
18:40:59:    - ETC2: no
18:40:59:    - BC4/BC5: no
18:40:59:    - BC6H/BC7: no
18:40:59:  * Scissor Rectangle: yes
18:40:59:  * Hardware Occlusion Query: yes
18:40:59:  * User clip planes: yes
18:40:59:  * VET_UBYTE4 vertex element type: yes
18:40:59:  * Infinite far plane projection: yes
18:40:59:  * Hardware render-to-texture: yes
18:40:59:  * Floating point textures: yes
18:40:59:  * Non-power-of-two textures: yes
18:40:59:  * 1d textures: yes
18:40:59:  * Volume textures: yes
18:40:59:  * Multiple Render Targets: 8
18:40:59:    - With different bit depths: yes
18:40:59:  * Point Sprites: yes
18:40:59:  * Extended point parameters: yes
18:40:59:  * Max Point Size: 255
18:40:59:  * Vertex texture fetch: yes
18:40:59:  * Number of world matrices: 0
18:40:59:  * Number of texture units: 16
18:40:59:  * Stencil buffer depth: 8
18:40:59:  * Number of vertex blend matrices: 0
18:40:59:    - Max vertex textures: 32
18:40:59:    - Vertex textures shared: yes
18:40:59:  * Render to Vertex Buffer : no
18:40:59:  * Hardware Atomic Counters: no
18:40:59:  * GL 1.5 without VBO workaround: no
18:40:59:  * Frame Buffer objects: yes
18:40:59:  * Frame Buffer objects (ARB extension): no
18:40:59:  * Frame Buffer objects (ATI extension): no
18:40:59:  * PBuffer support: yes
18:40:59:  * GL 1.5 without HW-occlusion workaround: no
18:40:59:  * Vertex Array Objects: no
18:40:59:  * Separate shader objects: no
18:40:59: DefaultWorkQueue('Root') initialising on thread 0.
18:40:59: DefaultWorkQueue('Root')::WorkerFunc - thread 140535862515640 starting.
18:40:59: DefaultWorkQueue('Root')::WorkerFunc - thread 140535862515368 starting.
18:40:59: DefaultWorkQueue('Root')::WorkerFunc - thread 140535862515912 starting.
18:40:59: DefaultWorkQueue('Root')::WorkerFunc - thread 140535862516184 starting.
18:40:59: DefaultWorkQueue('Root')::WorkerFunc - thread 140535862516456 starting.
18:40:59: DefaultWorkQueue('Root')::WorkerFunc - thread 140535862516728 starting.
18:40:59: DefaultWorkQueue('Root')::WorkerFunc - thread 140535862517000 starting.
18:40:59: DefaultWorkQueue('Root')::WorkerFunc - thread 140535862517272 starting.
18:40:59: Particle Renderer Type 'billboard' registered
18:40:59: SceneManagerFactory for type 'BspSceneManager' registered.
18:40:59: Registering ResourceManager for type BspLevel
18:40:59: SceneManagerFactory for type 'PCZSceneManager' registered.
18:40:59: MovableObjectFactory for type 'PCZLight' registered.
18:40:59: MovableObjectFactory for type 'Portal' registered.
18:40:59: MovableObjectFactory for type 'AntiPortal' registered.
18:40:59: PCZone Factory Type 'ZoneType_Octree' registered
18:40:59: SceneManagerFactory for type 'OctreeSceneManager' registered.
18:40:59: OverlayElementFactory for type Panel registered.
18:40:59: OverlayElementFactory for type BorderPanel registered.
18:40:59: OverlayElementFactory for type TextArea registered.
18:40:59: Registering ResourceManager for type Font
18:40:59: Parsing scripts for resource group Autodetect
18:40:59: Finished parsing scripts for resource group Autodetect
18:40:59: Creating resources for group Autodetect
18:40:59: All done
18:40:59: Parsing scripts for resource group General
18:40:59: Parsing script Instancing.program
18:40:59: Parsing script DualQuaternion.program
18:40:59: OGRE EXCEPTION(7:InternalErrorException): Unable to compile Cg program Ogre/DualQuaternionHardwareSkinningTwoWeightsTwoPhaseCg: The compile returned an error.
DualQuaternion_Common.cg(167) : warning C7019: "blendWgt" is too large for semantic "BLENDWEIGHT", which is size 1
(0) : error C6007: Constant register limit exceeded; more than 96 constant registers needed to compiled program
(0) : error C6007: Constant register limit exceeded; more than 96 constant registers needed to compiled program
(0) : error C6007: Constant register limit exceeded; more than 96 constant registers needed to compiled program
(0) : error C6007: Constant register limit exceeded; more than 96 constant registers needed to compiled program
(0) : error C6007: Constant register limit exceeded; more than 96 constant registers needed to compiled program
(0) : error C6007: Constant register limit exceeded; more than 96 constant registers needed to compiled program
(0) : error C6007: Constant register limit exceeded; more than 96 constant registers needed to compiled program
(0) : error C6007: Constant register limit exceeded; more than 96 constant registers needed to compiled program
 in CgProgram::compileMicrocode at /root/ogre/PlugIns/CgProgramManager/src/OgreCgProgramManagerDll.cpp (line 67)
18:40:59: High-level program Ogre/DualQuaternionHardwareSkinningTwoWeightsTwoPhaseCg encountered an error during loading and is thus not supported.
OGRE EXCEPTION(7:InternalErrorException): Unable to compile Cg program Ogre/DualQuaternionHardwareSkinningTwoWeightsTwoPhaseCg: The compile returned an error.
DualQuaternion_Common.cg(167) : warning C7019: "blendWgt" is too large for semantic "BLENDWEIGHT", which is size 1
(0) : error C6007: Constant register limit exceeded; more than 96 constant registers needed to compiled program
(0) : error C6007: Constant register limit exceeded; more than 96 constant registers needed to compiled program
(0) : error C6007: Constant register limit exceeded; more than 96 constant registers needed to compiled program
(0) : error C6007: Constant register limit exceeded; more than 96 constant registers needed to compiled program
(0) : error C6007: Constant register limit exceeded; more than 96 constant registers needed to compiled program
(0) : error C6007: Constant register limit exceeded; more than 96 constant registers needed to compiled program
(0) : error C6007: Constant register limit exceeded; more than 96 constant registers needed to compiled program
(0) : error C6007: Constant register limit exceeded; more than 96 constant registers needed to compiled program
 in CgProgram::compileMicrocode at /root/ogre/PlugIns/CgProgramManager/src/OgreCgProgramManagerDll.cpp (line 67)
18:40:59: OGRE EXCEPTION(2:InvalidParametersException): Named constants have not been initialised, perhaps a compile error. in GpuProgramParameters::_findNamedConstantDefinition at /root/ogre/OgreMain/src/OgreGpuProgramParams.cpp (line 1709)
18:40:59: Compiler error: invalid parameters in DualQuaternion.program(28): setting of constant failed
18:40:59: Parsing script StdQuad_vp.program
18:40:59: OGRE EXCEPTION(2:InvalidParametersException): Parameter called worldViewProj does not exist.  in GpuProgramParameters::_findNamedConstantDefinition at /root/ogre/OgreMain/src/OgreGpuProgramParams.cpp (line 1719)
18:40:59: Compiler error: invalid parameters in StdQuad_vp.program(66): setting of constant failed
18:40:59: Parsing script Examples.program
18:40:59: OGRE EXCEPTION(2:InvalidParametersException): Parameter called ambient does not exist.  in GpuProgramParameters::_findNamedConstantDefinition at /root/ogre/OgreMain/src/OgreGpuProgramParams.cpp (line 1719)
18:40:59: Compiler error: invalid parameters in Examples.program(299): setting of constant failed
18:40:59: OGRE EXCEPTION(2:InvalidParametersException): Parameter called diffuse does not exist.  in GpuProgramParameters::_findNamedConstantDefinition at /root/ogre/OgreMain/src/OgreGpuProgramParams.cpp (line 1719)
18:40:59: Compiler error: invalid parameters in Examples.program(300): setting of constant failed
18:40:59: OGRE EXCEPTION(7:InternalErrorException): Unable to compile Cg program Ogre/HardwareMorphAnimationWithNormalsCg: The compile returned an error.
(0) : error C3001: no program defined
 in CgProgram::compileMicrocode at /root/ogre/PlugIns/CgProgramManager/src/OgreCgProgramManagerDll.cpp (line 67)
18:40:59: High-level program Ogre/HardwareMorphAnimationWithNormalsCg encountered an error during loading and is thus not supported.
OGRE EXCEPTION(7:InternalErrorException): Unable to compile Cg program Ogre/HardwareMorphAnimationWithNormalsCg: The compile returned an error.
(0) : error C3001: no program defined
 in CgProgram::compileMicrocode at /root/ogre/PlugIns/CgProgramManager/src/OgreCgProgramManagerDll.cpp (line 67)
18:40:59: OGRE EXCEPTION(2:InvalidParametersException): Named constants have not been initialised, perhaps a compile error. in GpuProgramParameters::_findNamedConstantDefinition at /root/ogre/OgreMain/src/OgreGpuProgramParams.cpp (line 1709)
18:40:59: Compiler error: invalid parameters in Examples.program(431): setting of constant failed
18:40:59: OGRE EXCEPTION(2:InvalidParametersException): Named constants have not been initialised, perhaps a compile error. in GpuProgramParameters::_findNamedConstantDefinition at /root/ogre/OgreMain/src/OgreGpuProgramParams.cpp (line 1709)
18:40:59: Compiler error: invalid parameters in Examples.program(432): setting of constant failed
18:40:59: OGRE EXCEPTION(2:InvalidParametersException): Named constants have not been initialised, perhaps a compile error. in GpuProgramParameters::_findNamedConstantDefinition at /root/ogre/OgreMain/src/OgreGpuProgramParams.cpp (line 1709)
18:40:59: Compiler error: invalid parameters in Examples.program(433): setting of constant failed
18:40:59: OGRE EXCEPTION(2:InvalidParametersException): Named constants have not been initialised, perhaps a compile error. in GpuProgramParameters::_findNamedConstantDefinition at /root/ogre/OgreMain/src/OgreGpuProgramParams.cpp (line 1709)
18:40:59: Compiler error: invalid parameters in Examples.program(434): setting of constant failed
18:40:59: OGRE EXCEPTION(7:InternalErrorException): Unable to compile Cg program Ogre/HardwarePoseAnimationWithNormalsCg: The compile returned an error.
(0) : error C3001: no program defined
 in CgProgram::compileMicrocode at /root/ogre/PlugIns/CgProgramManager/src/OgreCgProgramManagerDll.cpp (line 67)
18:40:59: High-level program Ogre/HardwarePoseAnimationWithNormalsCg encountered an error during loading and is thus not supported.
OGRE EXCEPTION(7:InternalErrorException): Unable to compile Cg program Ogre/HardwarePoseAnimationWithNormalsCg: The compile returned an error.
(0) : error C3001: no program defined
 in CgProgram::compileMicrocode at /root/ogre/PlugIns/CgProgramManager/src/OgreCgProgramManagerDll.cpp (line 67)
18:40:59: OGRE EXCEPTION(2:InvalidParametersException): Named constants have not been initialised, perhaps a compile error. in GpuProgramParameters::_findNamedConstantDefinition at /root/ogre/OgreMain/src/OgreGpuProgramParams.cpp (line 1709)
18:40:59: Compiler error: invalid parameters in Examples.program(484): setting of constant failed
18:40:59: OGRE EXCEPTION(2:InvalidParametersException): Named constants have not been initialised, perhaps a compile error. in GpuProgramParameters::_findNamedConstantDefinition at /root/ogre/OgreMain/src/OgreGpuProgramParams.cpp (line 1709)
18:40:59: Compiler error: invalid parameters in Examples.program(485): setting of constant failed
18:40:59: OGRE EXCEPTION(2:InvalidParametersException): Named constants have not been initialised, perhaps a compile error. in GpuProgramParameters::_findNamedConstantDefinition at /root/ogre/OgreMain/src/OgreGpuProgramParams.cpp (line 1709)
18:40:59: Compiler error: invalid parameters in Examples.program(486): setting of constant failed
18:40:59: OGRE EXCEPTION(2:InvalidParametersException): Named constants have not been initialised, perhaps a compile error. in GpuProgramParameters::_findNamedConstantDefinition at /root/ogre/OgreMain/src/OgreGpuProgramParams.cpp (line 1709)
18:40:59: Compiler error: invalid parameters in Examples.program(487): setting of constant failed
18:40:59: Parsing script Examples.program
18:40:59: Parsing script StdQuad_vp.program
18:40:59: Parsing script deferred_post.program
18:40:59: Parsing script ShadowCaster.program
18:40:59: Parsing script GBuffer.program
18:40:59: Parsing script triplanarReference.program
18:40:59: Parsing script SdkTrays.material
18:40:59: Parsing script OgreProfiler.material
18:40:59: Parsing script Penguin.material
18:40:59: Parsing script CGSwizzle.material
18:40:59: Parsing script ASMSwizzle.material
18:40:59: Compiler error: object unsupported by render system in ASMSwizzle.material(1): , Shader name: Ogre/GPTest/Swizzle_GP_ASM
18:40:59: Parsing script Glass.material
18:40:59: Parsing script MRTtest.material
18:40:59: Parsing script Posterize.material
18:40:59: Parsing script Example-Water.material
18:40:59: Parsing script IsoSurf.material
18:40:59: OGRE EXCEPTION(7:InternalErrorException): Unable to compile Cg program Ogre/IsoSurf/SampleFieldVS_CG: The compile returned an error.
(0) : error C3001: no program defined
 in CgProgram::compileMicrocode at /root/ogre/PlugIns/CgProgramManager/src/OgreCgProgramManagerDll.cpp (line 67)
18:40:59: High-level program Ogre/IsoSurf/SampleFieldVS_CG encountered an error during loading and is thus not supported.
OGRE EXCEPTION(7:InternalErrorException): Unable to compile Cg program Ogre/IsoSurf/SampleFieldVS_CG: The compile returned an error.
(0) : error C3001: no program defined
 in CgProgram::compileMicrocode at /root/ogre/PlugIns/CgProgramManager/src/OgreCgProgramManagerDll.cpp (line 67)
18:40:59: OGRE EXCEPTION(2:InvalidParametersException): Named constants have not been initialised, perhaps a compile error. in GpuProgramParameters::_findNamedConstantDefinition at /root/ogre/OgreMain/src/OgreGpuProgramParams.cpp (line 1709)
18:40:59: Compiler error: invalid parameters in IsoSurf.material(49): setting of constant failed
18:40:59: OGRE EXCEPTION(2:InvalidParametersException): Named constants have not been initialised, perhaps a compile error. in GpuProgramParameters::_findNamedConstantDefinition at /root/ogre/OgreMain/src/OgreGpuProgramParams.cpp (line 1709)
18:40:59: Compiler error: invalid parameters in IsoSurf.material(50): setting of constant failed
18:40:59: OGRE EXCEPTION(2:InvalidParametersException): Named constants have not been initialised, perhaps a compile error. in GpuProgramParameters::_findNamedConstantDefinition at /root/ogre/OgreMain/src/OgreGpuProgramParams.cpp (line 1709)
18:40:59: Compiler error: invalid parameters in IsoSurf.material(51): setting of constant failed
18:40:59: OGRE EXCEPTION(7:InternalErrorException): Unable to compile Cg program Ogre/IsoSurf/MetaballPS_CG: The compile returned an error.
(0) : error C3001: no program defined
 in CgProgram::compileMicrocode at /root/ogre/PlugIns/CgProgramManager/src/OgreCgProgramManagerDll.cpp (line 67)
18:40:59: High-level program Ogre/IsoSurf/MetaballPS_CG encountered an error during loading and is thus not supported.
OGRE EXCEPTION(7:InternalErrorException): Unable to compile Cg program Ogre/IsoSurf/MetaballPS_CG: The compile returned an error.
(0) : error C3001: no program defined
 in CgProgram::compileMicrocode at /root/ogre/PlugIns/CgProgramManager/src/OgreCgProgramManagerDll.cpp (line 67)
18:40:59: Parsing script shadows.material
18:40:59: Parsing script Ogre.material
18:40:59: Parsing script facial.material
18:40:59: Parsing script ASCII.material
18:40:59: Parsing script Examples-Water.material
18:40:59: Parsing script BlackAndWhite.material
18:40:59: Parsing script RadialBlur.material
18:40:59: Parsing script Tesselation.material
18:40:59: Parsing script OffsetMapping.material
18:40:59: Parsing script OldTV.material
18:40:59: Parsing script Hurt.material
18:40:59: Parsing script InstancingMisc.material
18:40:59: Parsing script ShaderSystem.material
18:40:59: Parsing script HW_VTF_LUTInstancing.material
18:40:59: Parsing script Bloom2.material
18:40:59: OGRE EXCEPTION(2:InvalidParametersException): Parameter called worldViewProj does not exist.  in GpuProgramParameters::_findNamedConstantDefinition at /root/ogre/OgreMain/src/OgreGpuProgramParams.cpp (line 1719)
18:40:59: Compiler error: invalid parameters in Bloom2.material(26): setting of constant failed
18:40:59: Parsing script HWInstancing.material
18:40:59: Parsing script VTFInstancing.material
18:40:59: Parsing script ShaderInstancing.material
18:40:59: Parsing script Ocean.material
18:41:00: OGRE EXCEPTION(2:InvalidParametersException): Parameter called worldViewProj does not exist.  in GpuProgramParameters::_findNamedConstantDefinition at /root/ogre/OgreMain/src/OgreGpuProgramParams.cpp (line 1719)
18:41:00: Compiler error: invalid parameters in Ocean.material(56): setting of constant failed
18:41:00: OGRE EXCEPTION(2:InvalidParametersException): Parameter called worldViewProj does not exist.  in GpuProgramParameters::_findNamedConstantDefinition at /root/ogre/OgreMain/src/OgreGpuProgramParams.cpp (line 1719)
18:41:00: Compiler error: invalid parameters in Ocean.material(488): setting of constant failed
18:41:00: Parsing script Tiling.material
18:41:00: OGRE EXCEPTION(2:InvalidParametersException): Parameter called Threshold does not exist.  in GpuProgramParameters::_findNamedConstantDefinition at /root/ogre/OgreMain/src/OgreGpuProgramParams.cpp (line 1719)
18:41:00: Compiler error: invalid parameters in Tiling.material(46): setting of constant failed
18:41:00: Parsing script MotionBlur.material
18:41:00: Parsing script instancing.material
18:41:00: Parsing script smoke.material
18:41:00: Parsing script sibenik.material
18:41:00: Parsing script VarianceShadowmap.material
18:41:00: Parsing script RZR-002.material
18:41:00: Parsing script Dither.material
18:41:00: Parsing script DepthShadowmap.material
18:41:00: Parsing script ParticleGS.material
18:41:00: Parsing script Embossed.material
18:41:00: Parsing script DOF.material
18:41:00: Parsing script Examples-DynTex.material
18:41:00: Parsing script AdaptivePNTrianglesTessellation.material
18:41:00: Parsing script Bloom.material
18:41:00: OGRE EXCEPTION(2:InvalidParametersException): Parameter called worldViewProj does not exist.  in GpuProgramParameters::_findNamedConstantDefinition at /root/ogre/OgreMain/src/OgreGpuProgramParams.cpp (line 1719)
18:41:00: Compiler error: invalid parameters in Bloom.material(38): setting of constant failed
18:41:00: OGRE EXCEPTION(2:InvalidParametersException): Parameter called worldViewProj does not exist.  in GpuProgramParameters::_findNamedConstantDefinition at /root/ogre/OgreMain/src/OgreGpuProgramParams.cpp (line 1719)
18:41:00: Compiler error: invalid parameters in Bloom.material(46): setting of constant failed
18:41:00: Parsing script hdr.material
18:41:00: Parsing script pssm.material
18:41:00: Parsing script RasterizationOrder.material
18:41:00: Parsing script CompositorDemo.material
18:41:00: Parsing script HW_VTFInstancing.material
18:41:00: Parsing script DualQuaternion.material
18:41:00: Parsing script OldMovie.material
18:41:00: Parsing script Invert.material
18:41:00: Parsing script Examples-Advanced.material
18:41:00: Compiler error: object unsupported by render system in Examples-Advanced.material(938): , Shader name: Examples/TextureArrayPSasm
18:41:00: Parsing script Examples.material
18:41:00: OGRE EXCEPTION(7:InternalErrorException): Unable to compile Cg program Examples/GrassWaverFpCg: The compile returned an error.
(0) : error C3001: no program defined
 in CgProgram::compileMicrocode at /root/ogre/PlugIns/CgProgramManager/src/OgreCgProgramManagerDll.cpp (line 67)
18:41:00: High-level program Examples/GrassWaverFpCg encountered an error during loading and is thus not supported.
OGRE EXCEPTION(7:InternalErrorException): Unable to compile Cg program Examples/GrassWaverFpCg: The compile returned an error.
(0) : error C3001: no program defined
 in CgProgram::compileMicrocode at /root/ogre/PlugIns/CgProgramManager/src/OgreCgProgramManagerDll.cpp (line 67)
18:41:00: Parsing script SharpenEdges.material
18:41:00: Parsing script NightVision.material
18:41:00: Parsing script Halftone.material
18:41:00: Parsing script Laplace.material
18:41:00: Parsing script GLSLSwizzle.material
18:41:00: Parsing script HeatVision.material
18:41:00: Parsing script SharpenEdges.material
18:41:00: Parsing script Examples-Advanced.material
18:41:00: Parsing script ParticleGS.material
18:41:00: OGRE EXCEPTION(7:InternalErrorException): Unable to compile Cg program Ogre/ParticleGS/DisplayPS: The compile returned an error.
(647) : fatal error C9999: unexpected cast operation
 in CgProgram::compileMicrocode at /root/ogre/PlugIns/CgProgramManager/src/OgreCgProgramManagerDll.cpp (line 67)
18:41:00: High-level program Ogre/ParticleGS/DisplayPS encountered an error during loading and is thus not supported.
OGRE EXCEPTION(7:InternalErrorException): Unable to compile Cg program Ogre/ParticleGS/DisplayPS: The compile returned an error.
(647) : fatal error C9999: unexpected cast operation
 in CgProgram::compileMicrocode at /root/ogre/PlugIns/CgProgramManager/src/OgreCgProgramManagerDll.cpp (line 67)
18:41:00: Parsing script Dither.material
18:41:00: Parsing script sailboat.material
18:41:00: Compiler error: unknown error in sailboat.material(87): token "60.0," is not recognized
18:41:00: Parsing script sleek.material
18:41:00: Parsing script smoke.material
18:41:00: Parsing script Balai.material
18:41:00: Parsing script f1Overlay.material
18:41:00: Parsing script Carotte.material
18:41:00: Parsing script Laplace.material
18:41:00: Parsing script Bloom.material
18:41:00: Parsing script Scene.material
18:41:00: Parsing script MotionBlur.material
18:41:00: Parsing script OldTV.material
18:41:00: Parsing script pssm.material
18:41:00: Parsing script facial.material
18:41:00: Parsing script Embossed.material
18:41:00: Parsing script ddg51.material
18:41:00: Parsing script ASCII.material
18:41:00: Parsing script cigarette.material
18:41:00: Parsing script RZR-002.material
18:41:00: Parsing script Invert.material
18:41:00: Parsing script GLSLSwizzle.material
18:41:00: Parsing script DOF.material
18:41:00: Parsing script Example-DynTex.material
18:41:00: Parsing script Example-Water.material
18:41:00: Parsing script Example.material
18:41:00: OGRE EXCEPTION(2:InvalidParametersException): Parameter called camObjPos does not exist.  in GpuProgramParameters::_findNamedConstantDefinition at /root/ogre/OgreMain/src/OgreGpuProgramParams.cpp (line 1719)
18:41:00: Compiler error: invalid parameters in Example.material(762): setting of constant failed
18:41:00: Parsing script banshee.material
18:41:00: Parsing script MRTtest.material
18:41:00: Parsing script BlackAndWhite.material
18:41:00: Parsing script shipInfo.material
18:41:00: Parsing script VarianceShadowmap.material
18:41:00: Parsing script ui.material
18:41:00: Parsing script Hurt.material
18:41:00: Parsing script OgreOcean.material
18:41:00: Parsing script Charbon.material
18:41:00: Parsing script Bloom2.material
18:41:00: Parsing script Glass.material
18:41:00: Parsing script Halftone.material
18:41:00: Parsing script Ogre.material
18:41:00: Parsing script rmenu.material
18:41:00: Parsing script Laine.material
18:41:00: Parsing script cvn68.material
18:41:00: Parsing script boat.material
18:41:00: Parsing script Posterize.material
18:41:00: Parsing script CGSwizzle.material
18:41:00: Parsing script Neige.material
18:41:00: Parsing script DepthShadowmap.material
18:41:00: Parsing script Tiling.material
18:41:00: Parsing script IsoSurf.material
18:41:00: Parsing script missile.material
18:41:00: Compiler error: unknown error in missile.material(7): token "59.4555039496997," is not recognized
18:41:00: Parsing script OldMovie.material
18:41:00: Parsing script button.material
18:41:00: Parsing script wake.material
18:41:00: Parsing script NightVision.material
18:41:00: Parsing script cursor.material
18:41:00: Parsing script RadialBlur.material
18:41:00: Parsing script HeatVision.material
18:41:00: Parsing script ASMSwizzle.material
18:41:00: Compiler error: object unsupported by render system in ASMSwizzle.material(1): , Shader name: Ogre/GPTest/Swizzle_GP_ASM
18:41:00: Parsing script hdr.material
18:41:00: Parsing script alienship.material
18:41:00: Compiler error: unknown error in alienship.material(90): token "1.0," is not recognized
18:41:00: Parsing script OffsetMapping.material
18:41:00: Parsing script instancing.material
18:41:00: Parsing script deferreddemo.material
18:41:00: Parsing script deferred_post_minilight.material
18:41:00: Parsing script ssao.material
18:41:00: Parsing script deferred_post.material
18:41:00: Parsing script ShadowCaster.material
18:41:00: Parsing script ROOM.material
18:41:00: Parsing script RTShaderSystem.material
18:41:00: Compiler error: unknown error in RTShaderSystem.material(23): token "rtshader_system" is not recognized
18:41:00: Compiler error: unknown error in RTShaderSystem.material(52): token "rtshader_system" is not recognized
18:41:00: Compiler error: unknown error in RTShaderSystem.material(81): token "rtshader_system" is not recognized
18:41:00: Compiler error: unknown error in RTShaderSystem.material(110): token "rtshader_system" is not recognized
18:41:00: Compiler error: unknown error in RTShaderSystem.material(146): token "rtshader_system" is not recognized
18:41:00: Compiler error: unknown error in RTShaderSystem.material(81): token "rtshader_system" is not recognized
18:41:00: Compiler error: unknown error in RTShaderSystem.material(162): token "rtshader_system" is not recognized
18:41:00: Compiler error: unknown error in RTShaderSystem.material(81): token "rtshader_system" is not recognized
18:41:00: Compiler error: unknown error in RTShaderSystem.material(110): token "rtshader_system" is not recognized
18:41:00: Compiler error: unknown error in RTShaderSystem.material(211): token "rtshader_system" is not recognized
18:41:00: Parsing script HardwareSkinningShadow.material
18:41:00: OGRE EXCEPTION(6:FileNotFoundException): Cannot locate resource HardwareSkinningShadow.cg in resource group General or any other group. in ResourceGroupManager::openResource at /root/ogre/OgreMain/src/OgreResourceGroupManager.cpp (line 756)
18:41:00: High-level program Ogre/RTShader/shadow_caster_ps_cg encountered an error during loading and is thus not supported.
OGRE EXCEPTION(6:FileNotFoundException): Cannot locate resource HardwareSkinningShadow.cg in resource group General or any other group. in ResourceGroupManager::openResource at /root/ogre/OgreMain/src/OgreResourceGroupManager.cpp (line 756)
18:41:00: OGRE EXCEPTION(6:FileNotFoundException): Cannot locate resource HardwareSkinningShadow.cg in resource group General or any other group. in ResourceGroupManager::openResource at /root/ogre/OgreMain/src/OgreResourceGroupManager.cpp (line 756)
18:41:00: High-level program Ogre/RTShader/shadow_caster_skinning_1weight_vs encountered an error during loading and is thus not supported.
OGRE EXCEPTION(6:FileNotFoundException): Cannot locate resource HardwareSkinningShadow.cg in resource group General or any other group. in ResourceGroupManager::openResource at /root/ogre/OgreMain/src/OgreResourceGroupManager.cpp (line 756)
18:41:00: OGRE EXCEPTION(2:InvalidParametersException): Named constants have not been initialised, perhaps a compile error. in GpuProgramParameters::_findNamedConstantDefinition at /root/ogre/OgreMain/src/OgreGpuProgramParams.cpp (line 1709)
18:41:00: Compiler error: invalid parameters in HardwareSkinningShadow.material(29): setting of constant failed
18:41:00: OGRE EXCEPTION(2:InvalidParametersException): Named constants have not been initialised, perhaps a compile error. in GpuProgramParameters::_findNamedConstantDefinition at /root/ogre/OgreMain/src/OgreGpuProgramParams.cpp (line 1709)
18:41:00: Compiler error: invalid parameters in HardwareSkinningShadow.material(30): setting of constant failed
18:41:00: OGRE EXCEPTION(6:FileNotFoundException): Cannot locate resource HardwareSkinningShadow.cg in resource group General or any other group. in ResourceGroupManager::openResource at /root/ogre/OgreMain/src/OgreResourceGroupManager.cpp (line 756)
18:41:00: High-level program Ogre/RTShader/shadow_caster_skinning_2weight_vs_cg encountered an error during loading and is thus not supported.
OGRE EXCEPTION(6:FileNotFoundException): Cannot locate resource HardwareSkinningShadow.cg in resource group General or any other group. in ResourceGroupManager::openResource at /root/ogre/OgreMain/src/OgreResourceGroupManager.cpp (line 756)
18:41:00: OGRE EXCEPTION(2:InvalidParametersException): Named constants have not been initialised, perhaps a compile error. in GpuProgramParameters::_findNamedConstantDefinition at /root/ogre/OgreMain/src/OgreGpuProgramParams.cpp (line 1709)
18:41:00: Compiler error: invalid parameters in HardwareSkinningShadow.material(43): setting of constant failed
18:41:00: OGRE EXCEPTION(2:InvalidParametersException): Named constants have not been initialised, perhaps a compile error. in GpuProgramParameters::_findNamedConstantDefinition at /root/ogre/OgreMain/src/OgreGpuProgramParams.cpp (line 1709)
18:41:00: Compiler error: invalid parameters in HardwareSkinningShadow.material(44): setting of constant failed
18:41:00: OGRE EXCEPTION(6:FileNotFoundException): Cannot locate resource HardwareSkinningShadow.cg in resource group General or any other group. in ResourceGroupManager::openResource at /root/ogre/OgreMain/src/OgreResourceGroupManager.cpp (line 756)
18:41:00: High-level program Ogre/RTShader/shadow_caster_skinning_3weight_vs encountered an error during loading and is thus not supported.
OGRE EXCEPTION(6:FileNotFoundException): Cannot locate resource HardwareSkinningShadow.cg in resource group General or any other group. in ResourceGroupManager::openResource at /root/ogre/OgreMain/src/OgreResourceGroupManager.cpp (line 756)
18:41:00: OGRE EXCEPTION(2:InvalidParametersException): Named constants have not been initialised, perhaps a compile error. in GpuProgramParameters::_findNamedConstantDefinition at /root/ogre/OgreMain/src/OgreGpuProgramParams.cpp (line 1709)
18:41:00: Compiler error: invalid parameters in HardwareSkinningShadow.material(57): setting of constant failed
18:41:00: OGRE EXCEPTION(2:InvalidParametersException): Named constants have not been initialised, perhaps a compile error. in GpuProgramParameters::_findNamedConstantDefinition at /root/ogre/OgreMain/src/OgreGpuProgramParams.cpp (line 1709)
18:41:00: Compiler error: invalid parameters in HardwareSkinningShadow.material(58): setting of constant failed
18:41:00: OGRE EXCEPTION(6:FileNotFoundException): Cannot locate resource HardwareSkinningShadow.cg in resource group General or any other group. in ResourceGroupManager::openResource at /root/ogre/OgreMain/src/OgreResourceGroupManager.cpp (line 756)
18:41:00: High-level program Ogre/RTShader/shadow_caster_skinning_4weight_vs encountered an error during loading and is thus not supported.
OGRE EXCEPTION(6:FileNotFoundException): Cannot locate resource HardwareSkinningShadow.cg in resource group General or any other group. in ResourceGroupManager::openResource at /root/ogre/OgreMain/src/OgreResourceGroupManager.cpp (line 756)
18:41:00: OGRE EXCEPTION(2:InvalidParametersException): Named constants have not been initialised, perhaps a compile error. in GpuProgramParameters::_findNamedConstantDefinition at /root/ogre/OgreMain/src/OgreGpuProgramParams.cpp (line 1709)
18:41:00: Compiler error: invalid parameters in HardwareSkinningShadow.material(72): setting of constant failed
18:41:00: OGRE EXCEPTION(2:InvalidParametersException): Named constants have not been initialised, perhaps a compile error. in GpuProgramParameters::_findNamedConstantDefinition at /root/ogre/OgreMain/src/OgreGpuProgramParams.cpp (line 1709)
18:41:00: Compiler error: invalid parameters in HardwareSkinningShadow.material(73): setting of constant failed
18:41:00: OGRE EXCEPTION(6:FileNotFoundException): Cannot locate resource HardwareSkinningShadow.cg in resource group General or any other group. in ResourceGroupManager::openResource at /root/ogre/OgreMain/src/OgreResourceGroupManager.cpp (line 756)
18:41:00: High-level program Ogre/RTShader/shadow_receiver_vs encountered an error during loading and is thus not supported.
OGRE EXCEPTION(6:FileNotFoundException): Cannot locate resource HardwareSkinningShadow.cg in resource group General or any other group. in ResourceGroupManager::openResource at /root/ogre/OgreMain/src/OgreResourceGroupManager.cpp (line 756)
18:41:00: OGRE EXCEPTION(2:InvalidParametersException): Named constants have not been initialised, perhaps a compile error. in GpuProgramParameters::_findNamedConstantDefinition at /root/ogre/OgreMain/src/OgreGpuProgramParams.cpp (line 1709)
18:41:00: Compiler error: invalid parameters in HardwareSkinningShadow.material(206): setting of constant failed
18:41:00: OGRE EXCEPTION(6:FileNotFoundException): Cannot locate resource HardwareSkinningShadow.cg in resource group General or any other group. in ResourceGroupManager::openResource at /root/ogre/OgreMain/src/OgreResourceGroupManager.cpp (line 756)
18:41:00: High-level program Ogre/RTShader/shadow_receiver_ps encountered an error during loading and is thus not supported.
OGRE EXCEPTION(6:FileNotFoundException): Cannot locate resource HardwareSkinningShadow.cg in resource group General or any other group. in ResourceGroupManager::openResource at /root/ogre/OgreMain/src/OgreResourceGroupManager.cpp (line 756)
18:41:00: Parsing script DualQuaternionSkinning_Shadow.material
18:41:00: OGRE EXCEPTION(6:FileNotFoundException): Cannot locate resource DualQuaternionSkinning_Shadow.cg in resource group General or any other group. in ResourceGroupManager::openResource at /root/ogre/OgreMain/src/OgreResourceGroupManager.cpp (line 756)
18:41:00: High-level program Ogre/RTShader/shadow_caster_dq_ps_cg encountered an error during loading and is thus not supported.
OGRE EXCEPTION(6:FileNotFoundException): Cannot locate resource DualQuaternionSkinning_Shadow.cg in resource group General or any other group. in ResourceGroupManager::openResource at /root/ogre/OgreMain/src/OgreResourceGroupManager.cpp (line 756)
18:41:00: OGRE EXCEPTION(6:FileNotFoundException): Cannot locate resource DualQuaternionSkinning_Shadow.cg in resource group General or any other group. in ResourceGroupManager::openResource at /root/ogre/OgreMain/src/OgreResourceGroupManager.cpp (line 756)
18:41:00: High-level program Ogre/RTShader/shadow_caster_dq_skinning_1weight_vs_cg encountered an error during loading and is thus not supported.
OGRE EXCEPTION(6:FileNotFoundException): Cannot locate resource DualQuaternionSkinning_Shadow.cg in resource group General or any other group. in ResourceGroupManager::openResource at /root/ogre/OgreMain/src/OgreResourceGroupManager.cpp (line 756)
18:41:00: OGRE EXCEPTION(2:InvalidParametersException): Named constants have not been initialised, perhaps a compile error. in GpuProgramParameters::_findNamedConstantDefinition at /root/ogre/OgreMain/src/OgreGpuProgramParams.cpp (line 1709)
18:41:00: Compiler error: invalid parameters in DualQuaternionSkinning_Shadow.material(149): setting of constant failed
18:41:00: OGRE EXCEPTION(2:InvalidParametersException): Named constants have not been initialised, perhaps a compile error. in GpuProgramParameters::_findNamedConstantDefinition at /root/ogre/OgreMain/src/OgreGpuProgramParams.cpp (line 1709)
18:41:00: Compiler error: invalid parameters in DualQuaternionSkinning_Shadow.material(150): setting of constant failed
18:41:00: OGRE EXCEPTION(2:InvalidParametersException): Named constants have not been initialised, perhaps a compile error. in GpuProgramParameters::_findNamedConstantDefinition at /root/ogre/OgreMain/src/OgreGpuProgramParams.cpp (line 1709)
18:41:00: Compiler error: invalid parameters in DualQuaternionSkinning_Shadow.material(151): setting of constant failed
18:41:00: OGRE EXCEPTION(6:FileNotFoundException): Cannot locate resource DualQuaternionSkinning_Shadow.cg in resource group General or any other group. in ResourceGroupManager::openResource at /root/ogre/OgreMain/src/OgreResourceGroupManager.cpp (line 756)
18:41:00: High-level program Ogre/RTShader/shadow_caster_dq_skinning_2weight_vs_cg encountered an error during loading and is thus not supported.
OGRE EXCEPTION(6:FileNotFoundException): Cannot locate resource DualQuaternionSkinning_Shadow.cg in resource group General or any other group. in ResourceGroupManager::openResource at /root/ogre/OgreMain/src/OgreResourceGroupManager.cpp (line 756)
18:41:00: OGRE EXCEPTION(2:InvalidParametersException): Named constants have not been initialised, perhaps a compile error. in GpuProgramParameters::_findNamedConstantDefinition at /root/ogre/OgreMain/src/OgreGpuProgramParams.cpp (line 1709)
18:41:00: Compiler error: invalid parameters in DualQuaternionSkinning_Shadow.material(165): setting of constant failed
18:41:00: OGRE EXCEPTION(2:InvalidParametersException): Named constants have not been initialised, perhaps a compile error. in GpuProgramParameters::_findNamedConstantDefinition at /root/ogre/OgreMain/src/OgreGpuProgramParams.cpp (line 1709)
18:41:00: Compiler error: invalid parameters in DualQuaternionSkinning_Shadow.material(166): setting of constant failed
18:41:00: OGRE EXCEPTION(2:InvalidParametersException): Named constants have not been initialised, perhaps a compile error. in GpuProgramParameters::_findNamedConstantDefinition at /root/ogre/OgreMain/src/OgreGpuProgramParams.cpp (line 1709)
18:41:00: Compiler error: invalid parameters in DualQuaternionSkinning_Shadow.material(167): setting of constant failed
18:41:00: OGRE EXCEPTION(6:FileNotFoundException): Cannot locate resource DualQuaternionSkinning_Shadow.cg in resource group General or any other group. in ResourceGroupManager::openResource at /root/ogre/OgreMain/src/OgreResourceGroupManager.cpp (line 756)
18:41:00: High-level program Ogre/RTShader/shadow_caster_dq_skinning_3weight_vs_cg encountered an error during loading and is thus not supported.
OGRE EXCEPTION(6:FileNotFoundException): Cannot locate resource DualQuaternionSkinning_Shadow.cg in resource group General or any other group. in ResourceGroupManager::openResource at /root/ogre/OgreMain/src/OgreResourceGroupManager.cpp (line 756)
18:41:00: OGRE EXCEPTION(2:InvalidParametersException): Named constants have not been initialised, perhaps a compile error. in GpuProgramParameters::_findNamedConstantDefinition at /root/ogre/OgreMain/src/OgreGpuProgramParams.cpp (line 1709)
18:41:00: Compiler error: invalid parameters in DualQuaternionSkinning_Shadow.material(180): setting of constant failed
18:41:00: OGRE EXCEPTION(2:InvalidParametersException): Named constants have not been initialised, perhaps a compile error. in GpuProgramParameters::_findNamedConstantDefinition at /root/ogre/OgreMain/src/OgreGpuProgramParams.cpp (line 1709)
18:41:00: Compiler error: invalid parameters in DualQuaternionSkinning_Shadow.material(181): setting of constant failed
18:41:00: OGRE EXCEPTION(2:InvalidParametersException): Named constants have not been initialised, perhaps a compile error. in GpuProgramParameters::_findNamedConstantDefinition at /root/ogre/OgreMain/src/OgreGpuProgramParams.cpp (line 1709)
18:41:00: Compiler error: invalid parameters in DualQuaternionSkinning_Shadow.material(182): setting of constant failed
18:41:00: OGRE EXCEPTION(6:FileNotFoundException): Cannot locate resource DualQuaternionSkinning_Shadow.cg in resource group General or any other group. in ResourceGroupManager::openResource at /root/ogre/OgreMain/src/OgreResourceGroupManager.cpp (line 756)
18:41:00: High-level program Ogre/RTShader/shadow_caster_dq_skinning_4weight_vs_cg encountered an error during loading and is thus not supported.
OGRE EXCEPTION(6:FileNotFoundException): Cannot locate resource DualQuaternionSkinning_Shadow.cg in resource group General or any other group. in ResourceGroupManager::openResource at /root/ogre/OgreMain/src/OgreResourceGroupManager.cpp (line 756)
18:41:00: OGRE EXCEPTION(2:InvalidParametersException): Named constants have not been initialised, perhaps a compile error. in GpuProgramParameters::_findNamedConstantDefinition at /root/ogre/OgreMain/src/OgreGpuProgramParams.cpp (line 1709)
18:41:00: Compiler error: invalid parameters in DualQuaternionSkinning_Shadow.material(196): setting of constant failed
18:41:00: OGRE EXCEPTION(2:InvalidParametersException): Named constants have not been initialised, perhaps a compile error. in GpuProgramParameters::_findNamedConstantDefinition at /root/ogre/OgreMain/src/OgreGpuProgramParams.cpp (line 1709)
18:41:00: Compiler error: invalid parameters in DualQuaternionSkinning_Shadow.material(197): setting of constant failed
18:41:00: OGRE EXCEPTION(2:InvalidParametersException): Named constants have not been initialised, perhaps a compile error. in GpuProgramParameters::_findNamedConstantDefinition at /root/ogre/OgreMain/src/OgreGpuProgramParams.cpp (line 1709)
18:41:00: Compiler error: invalid parameters in DualQuaternionSkinning_Shadow.material(198): setting of constant failed
18:41:00: OGRE EXCEPTION(6:FileNotFoundException): Cannot locate resource DualQuaternionSkinning_Shadow.cg in resource group General or any other group. in ResourceGroupManager::openResource at /root/ogre/OgreMain/src/OgreResourceGroupManager.cpp (line 756)
18:41:00: High-level program Ogre/RTShader/shadow_caster_dq_skinning_1weight_twophase_vs_cg encountered an error during loading and is thus not supported.
OGRE EXCEPTION(6:FileNotFoundException): Cannot locate resource DualQuaternionSkinning_Shadow.cg in resource group General or any other group. in ResourceGroupManager::openResource at /root/ogre/OgreMain/src/OgreResourceGroupManager.cpp (line 756)
18:41:00: OGRE EXCEPTION(2:InvalidParametersException): Named constants have not been initialised, perhaps a compile error. in GpuProgramParameters::_findNamedConstantDefinition at /root/ogre/OgreMain/src/OgreGpuProgramParams.cpp (line 1709)
18:41:00: Compiler error: invalid parameters in DualQuaternionSkinning_Shadow.material(211): setting of constant failed
18:41:00: OGRE EXCEPTION(2:InvalidParametersException): Named constants have not been initialised, perhaps a compile error. in GpuProgramParameters::_findNamedConstantDefinition at /root/ogre/OgreMain/src/OgreGpuProgramParams.cpp (line 1709)
18:41:00: Compiler error: invalid parameters in DualQuaternionSkinning_Shadow.material(212): setting of constant failed
18:41:00: OGRE EXCEPTION(2:InvalidParametersException): Named constants have not been initialised, perhaps a compile error. in GpuProgramParameters::_findNamedConstantDefinition at /root/ogre/OgreMain/src/OgreGpuProgramParams.cpp (line 1709)
18:41:00: Compiler error: invalid parameters in DualQuaternionSkinning_Shadow.material(213): setting of constant failed
18:41:00: OGRE EXCEPTION(2:InvalidParametersException): Named constants have not been initialised, perhaps a compile error. in GpuProgramParameters::_findNamedConstantDefinition at /root/ogre/OgreMain/src/OgreGpuProgramParams.cpp (line 1709)
18:41:00: Compiler error: invalid parameters in DualQuaternionSkinning_Shadow.material(214): setting of constant failed
18:41:00: OGRE EXCEPTION(6:FileNotFoundException): Cannot locate resource DualQuaternionSkinning_Shadow.cg in resource group General or any other group. in ResourceGroupManager::openResource at /root/ogre/OgreMain/src/OgreResourceGroupManager.cpp (line 756)
18:41:00: High-level program Ogre/RTShader/shadow_caster_dq_skinning_2weight_twophase_vs_cg encountered an error during loading and is thus not supported.
OGRE EXCEPTION(6:FileNotFoundException): Cannot locate resource DualQuaternionSkinning_Shadow.cg in resource group General or any other group. in ResourceGroupManager::openResource at /root/ogre/OgreMain/src/OgreResourceGroupManager.cpp (line 756)
18:41:00: OGRE EXCEPTION(2:InvalidParametersException): Named constants have not been initialised, perhaps a compile error. in GpuProgramParameters::_findNamedConstantDefinition at /root/ogre/OgreMain/src/OgreGpuProgramParams.cpp (line 1709)
18:41:00: Compiler error: invalid parameters in DualQuaternionSkinning_Shadow.material(228): setting of constant failed
18:41:00: OGRE EXCEPTION(2:InvalidParametersException): Named constants have not been initialised, perhaps a compile error. in GpuProgramParameters::_findNamedConstantDefinition at /root/ogre/OgreMain/src/OgreGpuProgramParams.cpp (line 1709)
18:41:00: Compiler error: invalid parameters in DualQuaternionSkinning_Shadow.material(229): setting of constant failed
18:41:00: OGRE EXCEPTION(2:InvalidParametersException): Named constants have not been initialised, perhaps a compile error. in GpuProgramParameters::_findNamedConstantDefinition at /root/ogre/OgreMain/src/OgreGpuProgramParams.cpp (line 1709)
18:41:00: Compiler error: invalid parameters in DualQuaternionSkinning_Shadow.material(230): setting of constant failed
18:41:00: OGRE EXCEPTION(2:InvalidParametersException): Named constants have not been initialised, perhaps a compile error. in GpuProgramParameters::_findNamedConstantDefinition at /root/ogre/OgreMain/src/OgreGpuProgramParams.cpp (line 1709)
18:41:00: Compiler error: invalid parameters in DualQuaternionSkinning_Shadow.material(231): setting of constant failed
18:41:00: Parsing script TriplanarTexturing.material
18:41:00: Compiler error: unknown error in TriplanarTexturing.material(9): token "rtshader_system" is not recognized
18:41:00: Parsing script ShowViewPos.material
18:41:00: Parsing script Volumetric.material
18:41:00: Parsing script ShowDepth.material
18:41:00: Parsing script GBuffer.material
18:41:00: Parsing script ShowNormals.material
18:41:00: Parsing script HemisphereMC.material
18:41:00: Parsing script SSAOPost.material
18:41:00: Parsing script UnsharpMask.material
18:41:00: Parsing script CreaseShading.material
18:41:00: Parsing script Modulate.material
18:41:00: Parsing script HorizonBased.material
18:41:00: Parsing script Crytek.material
18:41:00: Parsing script triplanarReference.material
18:41:00: Parsing script RomanBath.material
18:41:00: Parsing script Sinbad.material
18:41:00: Parsing script Examples-Water.particle
18:41:00: Parsing script smoke.particle
18:41:00: Parsing script Examples.particle
18:41:00: Parsing script emitted_emitter.particle
18:41:00: Parsing script Examples.compositor
18:41:00: Parsing script Examples.compositor
18:41:00: Parsing script ssao.compositor
18:41:00: Parsing script deferred.compositor
18:41:00: Parsing script SSAOPost.compositor
18:41:00: Parsing script SSAO.compositor
18:41:00: Parsing script SdkTrays.fontdef
18:41:00: Parsing script SdkTrays.overlay
18:41:00: Texture: sdk_cursor.png: Loading 1 faces(PF_A8R8G8B8,32x32x1) with 5 hardware generated mipmaps from Image. Internal format is PF_A8R8G8B8,32x32x1.
18:41:00: Texture: sdk_tray.png: Loading 1 faces(PF_A8R8G8B8,64x64x1) with 5 hardware generated mipmaps from Image. Internal format is PF_A8R8G8B8,64x64x1.
18:41:00: Texture: sdk_button_up.png: Loading 1 faces(PF_A8R8G8B8,128x32x1) with 5 hardware generated mipmaps from Image. Internal format is PF_A8R8G8B8,128x32x1.
18:41:00: Texture: sdk_text_box.png: Loading 1 faces(PF_A8R8G8B8,32x32x1) with 5 hardware generated mipmaps from Image. Internal format is PF_A8R8G8B8,32x32x1.
18:41:00: Texture: sdk_mini_tray.png: Loading 1 faces(PF_A8R8G8B8,32x32x1) with 5 hardware generated mipmaps from Image. Internal format is PF_A8R8G8B8,32x32x1.
18:41:00: Texture: sdk_track.png: Loading 1 faces(PF_A8R8G8B8,16x32x1) with 5 hardware generated mipmaps from Image. Internal format is PF_A8R8G8B8,16x32x1.
18:41:00: Texture: sdk_handle.png: Loading 1 faces(PF_A8R8G8B8,16x16x1) with 4 hardware generated mipmaps from Image. Internal format is PF_A8R8G8B8,16x16x1.
18:41:00: Texture: sdk_mini_text_box.png: Loading 1 faces(PF_A8R8G8B8,32x32x1) with 5 hardware generated mipmaps from Image. Internal format is PF_A8R8G8B8,32x32x1.
18:41:00: Texture: sdk_label.png: Loading 1 faces(PF_A8R8G8B8,32x32x1) with 5 hardware generated mipmaps from Image. Internal format is PF_A8R8G8B8,32x32x1.
18:41:00: Texture: sdk_separator.png: Loading 1 faces(PF_A8R8G8B8,64x16x1) with 5 hardware generated mipmaps from Image. Internal format is PF_A8R8G8B8,64x16x1.
18:41:00: Texture: sdk_logo.png: Loading 1 faces(PF_A8R8G8B8,128x64x1) with 5 hardware generated mipmaps from Image. Internal format is PF_A8R8G8B8,128x64x1.
18:41:00: Texture: sdk_shade.png: Loading 1 faces(PF_A8R8G8B8,64x48x1) with 5 hardware generated mipmaps from Image. Internal format is PF_A8R8G8B8,64x48x1.
18:41:00: Texture: sdk_frame.png: Loading 1 faces(PF_A8R8G8B8,32x32x1) with 5 hardware generated mipmaps from Image. Internal format is PF_A8R8G8B8,32x32x1.
18:41:00: Texture: sdk_mini_text_box_over.png: Loading 1 faces(PF_A8R8G8B8,32x32x1) with 5 hardware generated mipmaps from Image. Internal format is PF_A8R8G8B8,32x32x1.
18:41:00: Texture: sdk_pulse.png: Loading 1 faces(PF_R8G8B8,8x1x1) with 3 hardware generated mipmaps from Image. Internal format is PF_X8R8G8B8,8x1x1.
18:41:00: Finished parsing scripts for resource group General
18:41:00: Creating resources for group General
18:41:00: All done
18:41:00: Parsing scripts for resource group Internal
18:41:00: Finished parsing scripts for resource group Internal
18:41:00: Creating resources for group Internal
18:41:00: All done
18:41:00: Texture: BeachStones.jpg: Loading 1 faces(PF_R8G8B8,512x512x1) with 5 hardware generated mipmaps from Image. Internal format is PF_X8R8G8B8,512x512x1.
18:41:01: Texture: cloudy_noon_fr.jpg: Loading 1 faces(PF_R8G8B8,512x512x1) with 5 hardware generated mipmaps from Image. Internal format is PF_X8R8G8B8,512x512x1.
18:41:01: Texture: cloudy_noon_bk.jpg: Loading 1 faces(PF_R8G8B8,512x512x1) with 5 hardware generated mipmaps from Image. Internal format is PF_X8R8G8B8,512x512x1.
18:41:01: Texture: cloudy_noon_lf.jpg: Loading 1 faces(PF_R8G8B8,512x512x1) with 5 hardware generated mipmaps from Image. Internal format is PF_X8R8G8B8,512x512x1.
18:41:01: Texture: cloudy_noon_rt.jpg: Loading 1 faces(PF_R8G8B8,512x512x1) with 5 hardware generated mipmaps from Image. Internal format is PF_X8R8G8B8,512x512x1.
18:41:01: Texture: cloudy_noon_up.jpg: Loading 1 faces(PF_R8G8B8,512x512x1) with 5 hardware generated mipmaps from Image. Internal format is PF_X8R8G8B8,512x512x1.
18:41:01: Texture: cloudy_noon_dn.jpg: Loading 1 faces(PF_R8G8B8,512x512x1) with 5 hardware generated mipmaps from Image. Internal format is PF_X8R8G8B8,512x512x1.
18:41:01: Mesh: Loading Snowman.mesh.
18:41:01: Mesh: Loading cube.mesh.
18:41:01: Texture: grass_1024.jpg: Loading 1 faces(PF_R8G8B8,1024x1024x1) with 5 hardware generated mipmaps from Image. Internal format is PF_X8R8G8B8,1024x1024x1.
18:41:01: Mesh: Loading penguin.mesh.
18:41:01: Skeleton: Loading penguin.skeleton
18:41:01: Texture: penguin.jpg: Loading 1 faces(PF_R8G8B8,512x512x1) with 5 hardware generated mipmaps from Image. Internal format is PF_X8R8G8B8,512x512x1.
18:41:01: Font SdkTrays/Caption using texture size 512x256
18:41:01: Info: Freetype returned null for character 160 in font SdkTrays/Caption
18:41:01: Texture: SdkTrays/CaptionTexture: Loading 1 faces(PF_BYTE_LA,512x256x1) Internal format is PF_BYTE_LA,512x256x1.
18:41:02: DefaultWorkQueue('Root') shutting down on thread 0.
18:41:02: DefaultWorkQueue('Root')::WorkerFunc - thread 140535862515368 stopped.
18:41:02: DefaultWorkQueue('Root')::WorkerFunc - thread 140535862516456 stopped.
18:41:02: DefaultWorkQueue('Root')::WorkerFunc - thread 140535862517000 stopped.
18:41:02: DefaultWorkQueue('Root')::WorkerFunc - thread 140535862515640 stopped.
18:41:02: DefaultWorkQueue('Root')::WorkerFunc - thread 140535862517272 stopped.
18:41:02: DefaultWorkQueue('Root')::WorkerFunc - thread 140535862515912 stopped.
18:41:02: DefaultWorkQueue('Root')::WorkerFunc - thread 140535862516728 stopped.
18:41:02: DefaultWorkQueue('Root')::WorkerFunc - thread 140535862516184 stopped.
18:41:02: PCZone Factory Type 'ZoneType_Octree' unregistered
18:41:02: Unregistering ResourceManager for type BspLevel
18:41:02: *-*-* OGRE Shutdown
